<?xml version="1.0" encoding="UTF-8"?>
<coverage generated="1584637956265" clover="3.2.0">
  <project timestamp="1584637956266" name="All files">
    <metrics statements="54" coveredstatements="43" conditionals="0" coveredconditionals="0" methods="27" coveredmethods="19" elements="81" coveredelements="62" complexity="0" loc="54" ncloc="54" packages="1" files="8" classes="8"/>
    <file name="App.jsx" path="/Users/brittanybartges/Documents/HReact/FEC/Reviews/client/src/components/App.jsx">
      <metrics statements="19" coveredstatements="8" conditionals="0" coveredconditionals="0" methods="12" coveredmethods="4"/>
      <line num="10" count="3" type="stmt"/>
      <line num="11" count="3" type="stmt"/>
      <line num="16" count="3" type="stmt"/>
      <line num="17" count="3" type="stmt"/>
      <line num="18" count="3" type="stmt"/>
      <line num="28" count="0" type="stmt"/>
      <line num="32" count="0" type="stmt"/>
      <line num="33" count="0" type="stmt"/>
      <line num="34" count="0" type="stmt"/>
      <line num="36" count="0" type="stmt"/>
      <line num="37" count="0" type="stmt"/>
      <line num="40" count="0" type="stmt"/>
      <line num="46" count="3" type="stmt"/>
      <line num="47" count="0" type="stmt"/>
      <line num="49" count="0" type="stmt"/>
      <line num="50" count="0" type="stmt"/>
      <line num="54" count="0" type="stmt"/>
      <line num="63" count="5" type="stmt"/>
      <line num="67" count="5" type="stmt"/>
    </file>
    <file name="RatingSummary.jsx" path="/Users/brittanybartges/Documents/HReact/FEC/Reviews/client/src/components/RatingSummary.jsx">
      <metrics statements="4" coveredstatements="4" conditionals="0" coveredconditionals="0" methods="2" coveredmethods="2"/>
      <line num="8" count="1" type="stmt"/>
      <line num="9" count="1" type="stmt"/>
      <line num="19" count="1" type="stmt"/>
      <line num="38" count="1" type="stmt"/>
    </file>
    <file name="RatingSummary2.jsx" path="/Users/brittanybartges/Documents/HReact/FEC/Reviews/client/src/components/RatingSummary2.jsx">
      <metrics statements="4" coveredstatements="4" conditionals="0" coveredconditionals="0" methods="2" coveredmethods="2"/>
      <line num="6" count="1" type="stmt"/>
      <line num="8" count="1" type="stmt"/>
      <line num="16" count="1" type="stmt"/>
      <line num="40" count="1" type="stmt"/>
    </file>
    <file name="Review.jsx" path="/Users/brittanybartges/Documents/HReact/FEC/Reviews/client/src/components/Review.jsx">
      <metrics statements="5" coveredstatements="5" conditionals="0" coveredconditionals="0" methods="2" coveredmethods="2"/>
      <line num="3" count="3" type="stmt"/>
      <line num="4" count="1" type="stmt"/>
      <line num="5" count="1" type="stmt"/>
      <line num="6" count="1" type="stmt"/>
      <line num="8" count="1" type="stmt"/>
    </file>
    <file name="ReviewList.jsx" path="/Users/brittanybartges/Documents/HReact/FEC/Reviews/client/src/components/ReviewList.jsx">
      <metrics statements="6" coveredstatements="6" conditionals="0" coveredconditionals="0" methods="3" coveredmethods="3"/>
      <line num="4" count="13" type="stmt"/>
      <line num="5" count="3" type="stmt"/>
      <line num="6" count="3" type="stmt"/>
      <line num="7" count="1" type="stmt"/>
      <line num="9" count="10" type="stmt"/>
      <line num="10" count="10" type="stmt"/>
    </file>
    <file name="SearchBar.jsx" path="/Users/brittanybartges/Documents/HReact/FEC/Reviews/client/src/components/SearchBar.jsx">
      <metrics statements="12" coveredstatements="12" conditionals="0" coveredconditionals="0" methods="6" coveredmethods="6"/>
      <line num="5" count="3" type="stmt"/>
      <line num="6" count="3" type="stmt"/>
      <line num="9" count="3" type="stmt"/>
      <line num="10" count="3" type="stmt"/>
      <line num="11" count="3" type="stmt"/>
      <line num="16" count="1" type="stmt"/>
      <line num="21" count="1" type="stmt"/>
      <line num="22" count="1" type="stmt"/>
      <line num="26" count="1" type="stmt"/>
      <line num="31" count="6" type="stmt"/>
      <line num="32" count="6" type="stmt"/>
      <line num="36" count="1" type="stmt"/>
    </file>
    <file name="imgFiles.js" path="/Users/brittanybartges/Documents/HReact/FEC/Reviews/client/src/components/imgFiles.js">
      <metrics statements="3" coveredstatements="3" conditionals="0" coveredconditionals="0" methods="0" coveredmethods="0"/>
      <line num="1" count="3" type="stmt"/>
      <line num="243" count="3" type="stmt"/>
      <line num="246" count="3" type="stmt"/>
    </file>
    <file name="tempData.js" path="/Users/brittanybartges/Documents/HReact/FEC/Reviews/client/src/components/tempData.js">
      <metrics statements="1" coveredstatements="1" conditionals="0" coveredconditionals="0" methods="0" coveredmethods="0"/>
      <line num="1" count="1" type="stmt"/>
    </file>
  </project>
</coverage>
