{"/Users/brittanybartges/Documents/HReact/FEC/Reviews/client/src/components/App.jsx": {"path":"/Users/brittanybartges/Documents/HReact/FEC/Reviews/client/src/components/App.jsx","statementMap":{"0":{"start":{"line":10,"column":8},"end":{"line":10,"column":20}},"1":{"start":{"line":11,"column":8},"end":{"line":15,"column":9}},"2":{"start":{"line":16,"column":8},"end":{"line":16,"column":57}},"3":{"start":{"line":17,"column":8},"end":{"line":17,"column":53}},"4":{"start":{"line":18,"column":8},"end":{"line":18,"column":69}},"5":{"start":{"line":28,"column":8},"end":{"line":28,"column":44}},"6":{"start":{"line":32,"column":8},"end":{"line":32,"column":47}},"7":{"start":{"line":33,"column":8},"end":{"line":40,"column":39}},"8":{"start":{"line":34,"column":25},"end":{"line":34,"column":39}},"9":{"start":{"line":36,"column":12},"end":{"line":36,"column":127}},"10":{"start":{"line":37,"column":12},"end":{"line":37,"column":55}},"11":{"start":{"line":40,"column":22},"end":{"line":40,"column":38}},"12":{"start":{"line":46,"column":8},"end":{"line":54,"column":39}},"13":{"start":{"line":47,"column":25},"end":{"line":47,"column":39}},"14":{"start":{"line":49,"column":12},"end":{"line":49,"column":117}},"15":{"start":{"line":50,"column":12},"end":{"line":50,"column":55}},"16":{"start":{"line":54,"column":22},"end":{"line":54,"column":38}},"17":{"start":{"line":63,"column":8},"end":{"line":63,"column":25}},"18":{"start":{"line":67,"column":8},"end":{"line":90,"column":9}}},"fnMap":{"0":{"name":"(anonymous_0)","decl":{"start":{"line":9,"column":4},"end":{"line":9,"column":5}},"loc":{"start":{"line":9,"column":24},"end":{"line":20,"column":5}},"line":9},"1":{"name":"(anonymous_1)","decl":{"start":{"line":27,"column":4},"end":{"line":27,"column":5}},"loc":{"start":{"line":27,"column":29},"end":{"line":29,"column":5}},"line":27},"2":{"name":"(anonymous_2)","decl":{"start":{"line":31,"column":4},"end":{"line":31,"column":5}},"loc":{"start":{"line":31,"column":35},"end":{"line":42,"column":5}},"line":31},"3":{"name":"(anonymous_3)","decl":{"start":{"line":34,"column":14},"end":{"line":34,"column":15}},"loc":{"start":{"line":34,"column":25},"end":{"line":34,"column":39}},"line":34},"4":{"name":"(anonymous_4)","decl":{"start":{"line":35,"column":14},"end":{"line":35,"column":15}},"loc":{"start":{"line":35,"column":25},"end":{"line":38,"column":13}},"line":35},"5":{"name":"(anonymous_5)","decl":{"start":{"line":40,"column":15},"end":{"line":40,"column":16}},"loc":{"start":{"line":40,"column":22},"end":{"line":40,"column":38}},"line":40},"6":{"name":"(anonymous_6)","decl":{"start":{"line":44,"column":4},"end":{"line":44,"column":5}},"loc":{"start":{"line":44,"column":17},"end":{"line":56,"column":5}},"line":44},"7":{"name":"(anonymous_7)","decl":{"start":{"line":47,"column":14},"end":{"line":47,"column":15}},"loc":{"start":{"line":47,"column":25},"end":{"line":47,"column":39}},"line":47},"8":{"name":"(anonymous_8)","decl":{"start":{"line":48,"column":14},"end":{"line":48,"column":15}},"loc":{"start":{"line":48,"column":25},"end":{"line":52,"column":9}},"line":48},"9":{"name":"(anonymous_9)","decl":{"start":{"line":54,"column":15},"end":{"line":54,"column":16}},"loc":{"start":{"line":54,"column":22},"end":{"line":54,"column":38}},"line":54},"10":{"name":"(anonymous_10)","decl":{"start":{"line":62,"column":4},"end":{"line":62,"column":5}},"loc":{"start":{"line":62,"column":24},"end":{"line":64,"column":5}},"line":62},"11":{"name":"(anonymous_11)","decl":{"start":{"line":66,"column":4},"end":{"line":66,"column":5}},"loc":{"start":{"line":66,"column":12},"end":{"line":91,"column":5}},"line":66}},"branchMap":{},"s":{"0":3,"1":3,"2":3,"3":3,"4":3,"5":0,"6":0,"7":0,"8":0,"9":0,"10":0,"11":0,"12":3,"13":0,"14":0,"15":0,"16":0,"17":5,"18":5},"f":{"0":3,"1":0,"2":0,"3":0,"4":0,"5":0,"6":3,"7":0,"8":0,"9":0,"10":5,"11":5},"b":{},"_coverageSchema":"1a1c01bbd47fc00a2c39e90264f33305004495a9","hash":"c70e0192f25282364da3089ffa02b90db8b9ae43"}
,"/Users/brittanybartges/Documents/HReact/FEC/Reviews/client/src/components/RatingSummary.jsx": {"path":"/Users/brittanybartges/Documents/HReact/FEC/Reviews/client/src/components/RatingSummary.jsx","statementMap":{"0":{"start":{"line":8,"column":8},"end":{"line":8,"column":20}},"1":{"start":{"line":9,"column":8},"end":{"line":13,"column":9}},"2":{"start":{"line":19,"column":19},"end":{"line":36,"column":9}},"3":{"start":{"line":38,"column":12},"end":{"line":66,"column":10}}},"fnMap":{"0":{"name":"(anonymous_0)","decl":{"start":{"line":7,"column":4},"end":{"line":7,"column":5}},"loc":{"start":{"line":7,"column":24},"end":{"line":14,"column":5}},"line":7},"1":{"name":"(anonymous_1)","decl":{"start":{"line":17,"column":4},"end":{"line":17,"column":5}},"loc":{"start":{"line":17,"column":13},"end":{"line":67,"column":5}},"line":17}},"branchMap":{},"s":{"0":1,"1":1,"2":1,"3":1},"f":{"0":1,"1":1},"b":{},"_coverageSchema":"1a1c01bbd47fc00a2c39e90264f33305004495a9","hash":"e138b92d2f853f76d0db3e04dc59e498041b949d"}
,"/Users/brittanybartges/Documents/HReact/FEC/Reviews/client/src/components/RatingSummary2.jsx": {"path":"/Users/brittanybartges/Documents/HReact/FEC/Reviews/client/src/components/RatingSummary2.jsx","statementMap":{"0":{"start":{"line":6,"column":8},"end":{"line":6,"column":20}},"1":{"start":{"line":8,"column":8},"end":{"line":10,"column":9}},"2":{"start":{"line":16,"column":21},"end":{"line":39,"column":9}},"3":{"start":{"line":40,"column":12},"end":{"line":71,"column":10}}},"fnMap":{"0":{"name":"(anonymous_0)","decl":{"start":{"line":5,"column":4},"end":{"line":5,"column":5}},"loc":{"start":{"line":5,"column":24},"end":{"line":11,"column":5}},"line":5},"1":{"name":"(anonymous_1)","decl":{"start":{"line":14,"column":4},"end":{"line":14,"column":5}},"loc":{"start":{"line":14,"column":13},"end":{"line":72,"column":5}},"line":14}},"branchMap":{},"s":{"0":1,"1":1,"2":1,"3":1},"f":{"0":1,"1":1},"b":{},"_coverageSchema":"1a1c01bbd47fc00a2c39e90264f33305004495a9","hash":"b8c2a3fe4022c3fd1012c6c5b97228006d4f8c19"}
,"/Users/brittanybartges/Documents/HReact/FEC/Reviews/client/src/components/Review.jsx": {"path":"/Users/brittanybartges/Documents/HReact/FEC/Reviews/client/src/components/Review.jsx","statementMap":{"0":{"start":{"line":3,"column":15},"end":{"line":28,"column":1}},"1":{"start":{"line":4,"column":48},"end":{"line":4,"column":60}},"2":{"start":{"line":5,"column":23},"end":{"line":7,"column":5}},"3":{"start":{"line":6,"column":8},"end":{"line":6,"column":31}},"4":{"start":{"line":8,"column":4},"end":{"line":26,"column":5}}},"fnMap":{"0":{"name":"(anonymous_0)","decl":{"start":{"line":3,"column":15},"end":{"line":3,"column":16}},"loc":{"start":{"line":3,"column":26},"end":{"line":28,"column":1}},"line":3},"1":{"name":"(anonymous_1)","decl":{"start":{"line":5,"column":23},"end":{"line":5,"column":24}},"loc":{"start":{"line":5,"column":33},"end":{"line":7,"column":5}},"line":5}},"branchMap":{},"s":{"0":3,"1":1,"2":1,"3":1,"4":1},"f":{"0":1,"1":1},"b":{},"_coverageSchema":"1a1c01bbd47fc00a2c39e90264f33305004495a9","hash":"174d33fd4696ed352598589f5fc2e1037337e99c"}
,"/Users/brittanybartges/Documents/HReact/FEC/Reviews/client/src/components/ReviewList.jsx": {"path":"/Users/brittanybartges/Documents/HReact/FEC/Reviews/client/src/components/ReviewList.jsx","statementMap":{"0":{"start":{"line":4,"column":18},"end":{"line":4,"column":91}},"1":{"start":{"line":4,"column":24},"end":{"line":4,"column":91}},"2":{"start":{"line":5,"column":0},"end":{"line":5,"column":26}},"3":{"start":{"line":6,"column":19},"end":{"line":13,"column":1}},"4":{"start":{"line":7,"column":4},"end":{"line":12,"column":6}},"5":{"start":{"line":9,"column":23},"end":{"line":9,"column":29}},"6":{"start":{"line":10,"column":8},"end":{"line":10,"column":73}}},"fnMap":{"0":{"name":"(anonymous_0)","decl":{"start":{"line":4,"column":18},"end":{"line":4,"column":19}},"loc":{"start":{"line":4,"column":24},"end":{"line":4,"column":91}},"line":4},"1":{"name":"(anonymous_1)","decl":{"start":{"line":6,"column":19},"end":{"line":6,"column":20}},"loc":{"start":{"line":6,"column":30},"end":{"line":13,"column":1}},"line":6},"2":{"name":"(anonymous_2)","decl":{"start":{"line":8,"column":23},"end":{"line":8,"column":24}},"loc":{"start":{"line":8,"column":32},"end":{"line":11,"column":9}},"line":8}},"branchMap":{},"s":{"0":3,"1":13,"2":3,"3":3,"4":1,"5":10,"6":10},"f":{"0":13,"1":1,"2":10},"b":{},"_coverageSchema":"1a1c01bbd47fc00a2c39e90264f33305004495a9","hash":"0ba70cd781d68a55b6d96819f129345f22ab364c"}
,"/Users/brittanybartges/Documents/HReact/FEC/Reviews/client/src/components/SearchBar.jsx": {"path":"/Users/brittanybartges/Documents/HReact/FEC/Reviews/client/src/components/SearchBar.jsx","statementMap":{"0":{"start":{"line":5,"column":8},"end":{"line":5,"column":20}},"1":{"start":{"line":6,"column":8},"end":{"line":8,"column":9}},"2":{"start":{"line":9,"column":8},"end":{"line":9,"column":57}},"3":{"start":{"line":10,"column":8},"end":{"line":10,"column":57}},"4":{"start":{"line":11,"column":8},"end":{"line":11,"column":51}},"5":{"start":{"line":16,"column":8},"end":{"line":16,"column":52}},"6":{"start":{"line":21,"column":8},"end":{"line":21,"column":55}},"7":{"start":{"line":22,"column":8},"end":{"line":22,"column":24}},"8":{"start":{"line":26,"column":8},"end":{"line":26,"column":40}},"9":{"start":{"line":31,"column":8},"end":{"line":31,"column":35}},"10":{"start":{"line":32,"column":8},"end":{"line":38,"column":15}},"11":{"start":{"line":36,"column":43},"end":{"line":36,"column":62}},"12":{"start":{"line":36,"column":63},"end":{"line":36,"column":83}}},"fnMap":{"0":{"name":"(anonymous_0)","decl":{"start":{"line":4,"column":4},"end":{"line":4,"column":5}},"loc":{"start":{"line":4,"column":23},"end":{"line":12,"column":5}},"line":4},"1":{"name":"(anonymous_1)","decl":{"start":{"line":14,"column":4},"end":{"line":14,"column":5}},"loc":{"start":{"line":14,"column":20},"end":{"line":18,"column":5}},"line":14},"2":{"name":"(anonymous_2)","decl":{"start":{"line":20,"column":4},"end":{"line":20,"column":5}},"loc":{"start":{"line":20,"column":20},"end":{"line":23,"column":5}},"line":20},"3":{"name":"(anonymous_3)","decl":{"start":{"line":25,"column":4},"end":{"line":25,"column":5}},"loc":{"start":{"line":25,"column":16},"end":{"line":27,"column":5}},"line":25},"4":{"name":"(anonymous_4)","decl":{"start":{"line":30,"column":4},"end":{"line":30,"column":5}},"loc":{"start":{"line":30,"column":13},"end":{"line":39,"column":5}},"line":30},"5":{"name":"(anonymous_5)","decl":{"start":{"line":36,"column":36},"end":{"line":36,"column":37}},"loc":{"start":{"line":36,"column":41},"end":{"line":36,"column":84}},"line":36}},"branchMap":{},"s":{"0":3,"1":3,"2":3,"3":3,"4":3,"5":1,"6":1,"7":1,"8":1,"9":6,"10":6,"11":1,"12":1},"f":{"0":3,"1":1,"2":1,"3":1,"4":6,"5":1},"b":{},"_coverageSchema":"1a1c01bbd47fc00a2c39e90264f33305004495a9","hash":"480ad2bde0b318b731a57a5819d5f008921d51c9"}
,"/Users/brittanybartges/Documents/HReact/FEC/Reviews/client/src/components/imgFiles.js": {"path":"/Users/brittanybartges/Documents/HReact/FEC/Reviews/client/src/components/imgFiles.js","statementMap":{"0":{"start":{"line":1,"column":18},"end":{"line":241,"column":5}},"1":{"start":{"line":243,"column":21},"end":{"line":244,"column":78}},"2":{"start":{"line":246,"column":4},"end":{"line":246,"column":32}}},"fnMap":{},"branchMap":{},"s":{"0":3,"1":3,"2":3},"f":{},"b":{},"_coverageSchema":"1a1c01bbd47fc00a2c39e90264f33305004495a9","hash":"8e3ba65a210577ae0a2f9dda256d67961c3457b8"}
,"/Users/brittanybartges/Documents/HReact/FEC/Reviews/client/src/components/tempData.js": {"path":"/Users/brittanybartges/Documents/HReact/FEC/Reviews/client/src/components/tempData.js","statementMap":{"0":{"start":{"line":1,"column":16},"end":{"line":150,"column":5}}},"fnMap":{},"branchMap":{},"s":{"0":1},"f":{},"b":{},"_coverageSchema":"1a1c01bbd47fc00a2c39e90264f33305004495a9","hash":"1ec8adb19795ad14e5bd155329490b5ce33cc37d"}
}
