{"/Users/brittanybartges/Documents/HReact/FEC/Reviews/client/src/components/App.jsx": {"path":"/Users/brittanybartges/Documents/HReact/FEC/Reviews/client/src/components/App.jsx","statementMap":{"0":{"start":{"line":9,"column":8},"end":{"line":9,"column":20}},"1":{"start":{"line":10,"column":8},"end":{"line":15,"column":9}},"2":{"start":{"line":16,"column":8},"end":{"line":16,"column":57}},"3":{"start":{"line":17,"column":8},"end":{"line":17,"column":59}},"4":{"start":{"line":23,"column":26},"end":{"line":23,"column":28}},"5":{"start":{"line":24,"column":8},"end":{"line":34,"column":10}},"6":{"start":{"line":25,"column":12},"end":{"line":33,"column":9}},"7":{"start":{"line":26,"column":16},"end":{"line":32,"column":17}},"8":{"start":{"line":27,"column":20},"end":{"line":31,"column":21}},"9":{"start":{"line":28,"column":24},"end":{"line":28,"column":72}},"10":{"start":{"line":30,"column":24},"end":{"line":30,"column":70}},"11":{"start":{"line":35,"column":29},"end":{"line":40,"column":10}},"12":{"start":{"line":36,"column":24},"end":{"line":37,"column":67}},"13":{"start":{"line":37,"column":12},"end":{"line":37,"column":23}},"14":{"start":{"line":38,"column":12},"end":{"line":38,"column":42}},"15":{"start":{"line":39,"column":12},"end":{"line":39,"column":22}},"16":{"start":{"line":41,"column":8},"end":{"line":47,"column":10}},"17":{"start":{"line":43,"column":16},"end":{"line":43,"column":51}},"18":{"start":{"line":52,"column":24},"end":{"line":55,"column":9}},"19":{"start":{"line":56,"column":8},"end":{"line":56,"column":47}},"20":{"start":{"line":57,"column":8},"end":{"line":61,"column":39}},"21":{"start":{"line":58,"column":25},"end":{"line":58,"column":39}},"22":{"start":{"line":59,"column":25},"end":{"line":59,"column":51}},"23":{"start":{"line":61,"column":22},"end":{"line":61,"column":38}},"24":{"start":{"line":65,"column":8},"end":{"line":72,"column":39}},"25":{"start":{"line":66,"column":25},"end":{"line":66,"column":39}},"26":{"start":{"line":68,"column":12},"end":{"line":68,"column":38}},"27":{"start":{"line":70,"column":20},"end":{"line":70,"column":40}},"28":{"start":{"line":72,"column":22},"end":{"line":72,"column":38}},"29":{"start":{"line":77,"column":8},"end":{"line":92,"column":9}}},"fnMap":{"0":{"name":"(anonymous_0)","decl":{"start":{"line":8,"column":4},"end":{"line":8,"column":5}},"loc":{"start":{"line":8,"column":24},"end":{"line":19,"column":5}},"line":8},"1":{"name":"(anonymous_1)","decl":{"start":{"line":22,"column":4},"end":{"line":22,"column":5}},"loc":{"start":{"line":22,"column":20},"end":{"line":49,"column":5}},"line":22},"2":{"name":"(anonymous_2)","decl":{"start":{"line":24,"column":35},"end":{"line":24,"column":36}},"loc":{"start":{"line":24,"column":45},"end":{"line":34,"column":9}},"line":24},"3":{"name":"(anonymous_3)","decl":{"start":{"line":35,"column":56},"end":{"line":35,"column":57}},"loc":{"start":{"line":35,"column":68},"end":{"line":40,"column":9}},"line":35},"4":{"name":"(anonymous_4)","decl":{"start":{"line":36,"column":56},"end":{"line":36,"column":57}},"loc":{"start":{"line":37,"column":12},"end":{"line":37,"column":23}},"line":37},"5":{"name":"(anonymous_5)","decl":{"start":{"line":42,"column":44},"end":{"line":42,"column":45}},"loc":{"start":{"line":42,"column":61},"end":{"line":43,"column":52}},"line":42},"6":{"name":"(anonymous_6)","decl":{"start":{"line":51,"column":4},"end":{"line":51,"column":5}},"loc":{"start":{"line":51,"column":29},"end":{"line":62,"column":5}},"line":51},"7":{"name":"(anonymous_7)","decl":{"start":{"line":58,"column":14},"end":{"line":58,"column":15}},"loc":{"start":{"line":58,"column":25},"end":{"line":58,"column":39}},"line":58},"8":{"name":"(anonymous_8)","decl":{"start":{"line":59,"column":14},"end":{"line":59,"column":15}},"loc":{"start":{"line":59,"column":25},"end":{"line":59,"column":51}},"line":59},"9":{"name":"(anonymous_9)","decl":{"start":{"line":61,"column":15},"end":{"line":61,"column":16}},"loc":{"start":{"line":61,"column":22},"end":{"line":61,"column":38}},"line":61},"10":{"name":"(anonymous_10)","decl":{"start":{"line":64,"column":4},"end":{"line":64,"column":5}},"loc":{"start":{"line":64,"column":24},"end":{"line":74,"column":5}},"line":64},"11":{"name":"(anonymous_11)","decl":{"start":{"line":66,"column":14},"end":{"line":66,"column":15}},"loc":{"start":{"line":66,"column":25},"end":{"line":66,"column":39}},"line":66},"12":{"name":"(anonymous_12)","decl":{"start":{"line":67,"column":14},"end":{"line":67,"column":15}},"loc":{"start":{"line":67,"column":25},"end":{"line":69,"column":9}},"line":67},"13":{"name":"(anonymous_13)","decl":{"start":{"line":70,"column":14},"end":{"line":70,"column":15}},"loc":{"start":{"line":70,"column":20},"end":{"line":70,"column":40}},"line":70},"14":{"name":"(anonymous_14)","decl":{"start":{"line":72,"column":15},"end":{"line":72,"column":16}},"loc":{"start":{"line":72,"column":22},"end":{"line":72,"column":38}},"line":72},"15":{"name":"(anonymous_15)","decl":{"start":{"line":76,"column":4},"end":{"line":76,"column":5}},"loc":{"start":{"line":76,"column":12},"end":{"line":93,"column":5}},"line":76}},"branchMap":{"0":{"loc":{"start":{"line":26,"column":16},"end":{"line":32,"column":17}},"type":"if","locations":[{"start":{"line":26,"column":16},"end":{"line":32,"column":17}},{"start":{"line":26,"column":16},"end":{"line":32,"column":17}}],"line":26},"1":{"loc":{"start":{"line":27,"column":20},"end":{"line":31,"column":21}},"type":"if","locations":[{"start":{"line":27,"column":20},"end":{"line":31,"column":21}},{"start":{"line":27,"column":20},"end":{"line":31,"column":21}}],"line":27}},"s":{"0":1,"1":1,"2":1,"3":1,"4":0,"5":0,"6":0,"7":0,"8":0,"9":0,"10":0,"11":0,"12":0,"13":0,"14":0,"15":0,"16":0,"17":0,"18":0,"19":0,"20":0,"21":0,"22":0,"23":0,"24":1,"25":0,"26":0,"27":0,"28":0,"29":1},"f":{"0":1,"1":0,"2":0,"3":0,"4":0,"5":0,"6":0,"7":0,"8":0,"9":0,"10":1,"11":0,"12":0,"13":0,"14":0,"15":1},"b":{"0":[0,0],"1":[0,0]},"_coverageSchema":"1a1c01bbd47fc00a2c39e90264f33305004495a9","hash":"eeb74d45a8e44dc174dd418642ad2570998ff615"}
,"/Users/brittanybartges/Documents/HReact/FEC/Reviews/client/src/components/RatingSummary.jsx": {"path":"/Users/brittanybartges/Documents/HReact/FEC/Reviews/client/src/components/RatingSummary.jsx","statementMap":{"0":{"start":{"line":6,"column":8},"end":{"line":6,"column":20}},"1":{"start":{"line":7,"column":8},"end":{"line":7,"column":25}},"2":{"start":{"line":8,"column":8},"end":{"line":8,"column":25}},"3":{"start":{"line":9,"column":8},"end":{"line":9,"column":28}},"4":{"start":{"line":11,"column":8},"end":{"line":33,"column":9}},"5":{"start":{"line":37,"column":4},"end":{"line":43,"column":5}},"6":{"start":{"line":39,"column":8},"end":{"line":39,"column":71}},"7":{"start":{"line":40,"column":8},"end":{"line":40,"column":71}},"8":{"start":{"line":41,"column":8},"end":{"line":41,"column":77}},"9":{"start":{"line":49,"column":12},"end":{"line":76,"column":10}}},"fnMap":{"0":{"name":"(anonymous_0)","decl":{"start":{"line":5,"column":4},"end":{"line":5,"column":5}},"loc":{"start":{"line":5,"column":24},"end":{"line":34,"column":5}},"line":5},"1":{"name":"(anonymous_1)","decl":{"start":{"line":36,"column":4},"end":{"line":36,"column":5}},"loc":{"start":{"line":36,"column":25},"end":{"line":45,"column":5}},"line":36},"2":{"name":"(anonymous_2)","decl":{"start":{"line":47,"column":4},"end":{"line":47,"column":5}},"loc":{"start":{"line":47,"column":13},"end":{"line":77,"column":5}},"line":47}},"branchMap":{"0":{"loc":{"start":{"line":37,"column":4},"end":{"line":43,"column":5}},"type":"if","locations":[{"start":{"line":37,"column":4},"end":{"line":43,"column":5}},{"start":{"line":37,"column":4},"end":{"line":43,"column":5}}],"line":37}},"s":{"0":0,"1":0,"2":0,"3":0,"4":0,"5":0,"6":0,"7":0,"8":0,"9":0},"f":{"0":0,"1":0,"2":0},"b":{"0":[0,0]},"_coverageSchema":"1a1c01bbd47fc00a2c39e90264f33305004495a9","hash":"2be3d09b43c041b799c5494107f04cdca1ea582f"}
,"/Users/brittanybartges/Documents/HReact/FEC/Reviews/client/src/components/RatingSummary2.jsx": {"path":"/Users/brittanybartges/Documents/HReact/FEC/Reviews/client/src/components/RatingSummary2.jsx","statementMap":{"0":{"start":{"line":6,"column":8},"end":{"line":6,"column":20}},"1":{"start":{"line":7,"column":8},"end":{"line":7,"column":30}},"2":{"start":{"line":8,"column":8},"end":{"line":8,"column":22}},"3":{"start":{"line":9,"column":8},"end":{"line":9,"column":25}},"4":{"start":{"line":10,"column":8},"end":{"line":36,"column":9}},"5":{"start":{"line":40,"column":4},"end":{"line":46,"column":5}},"6":{"start":{"line":42,"column":8},"end":{"line":42,"column":81}},"7":{"start":{"line":43,"column":8},"end":{"line":43,"column":65}},"8":{"start":{"line":44,"column":8},"end":{"line":44,"column":71}},"9":{"start":{"line":52,"column":12},"end":{"line":79,"column":10}}},"fnMap":{"0":{"name":"(anonymous_0)","decl":{"start":{"line":5,"column":4},"end":{"line":5,"column":5}},"loc":{"start":{"line":5,"column":24},"end":{"line":37,"column":5}},"line":5},"1":{"name":"(anonymous_1)","decl":{"start":{"line":39,"column":4},"end":{"line":39,"column":5}},"loc":{"start":{"line":39,"column":25},"end":{"line":48,"column":5}},"line":39},"2":{"name":"(anonymous_2)","decl":{"start":{"line":50,"column":4},"end":{"line":50,"column":5}},"loc":{"start":{"line":50,"column":13},"end":{"line":80,"column":5}},"line":50}},"branchMap":{"0":{"loc":{"start":{"line":40,"column":4},"end":{"line":46,"column":5}},"type":"if","locations":[{"start":{"line":40,"column":4},"end":{"line":46,"column":5}},{"start":{"line":40,"column":4},"end":{"line":46,"column":5}}],"line":40}},"s":{"0":0,"1":0,"2":0,"3":0,"4":0,"5":0,"6":0,"7":0,"8":0,"9":0},"f":{"0":0,"1":0,"2":0},"b":{"0":[0,0]},"_coverageSchema":"1a1c01bbd47fc00a2c39e90264f33305004495a9","hash":"4012417660caf282e0426930cbc4b5587553b4c5"}
,"/Users/brittanybartges/Documents/HReact/FEC/Reviews/client/src/components/Review.jsx": {"path":"/Users/brittanybartges/Documents/HReact/FEC/Reviews/client/src/components/Review.jsx","statementMap":{"0":{"start":{"line":3,"column":15},"end":{"line":19,"column":1}},"1":{"start":{"line":4,"column":48},"end":{"line":4,"column":60}},"2":{"start":{"line":5,"column":23},"end":{"line":7,"column":5}},"3":{"start":{"line":6,"column":8},"end":{"line":6,"column":31}},"4":{"start":{"line":8,"column":4},"end":{"line":17,"column":5}}},"fnMap":{"0":{"name":"(anonymous_0)","decl":{"start":{"line":3,"column":15},"end":{"line":3,"column":16}},"loc":{"start":{"line":3,"column":26},"end":{"line":19,"column":1}},"line":3},"1":{"name":"(anonymous_1)","decl":{"start":{"line":5,"column":23},"end":{"line":5,"column":24}},"loc":{"start":{"line":5,"column":33},"end":{"line":7,"column":5}},"line":5}},"branchMap":{},"s":{"0":1,"1":0,"2":0,"3":0,"4":0},"f":{"0":0,"1":0},"b":{},"_coverageSchema":"1a1c01bbd47fc00a2c39e90264f33305004495a9","hash":"b3573581845bc91f64b53f263f65e798b55f20bf"}
,"/Users/brittanybartges/Documents/HReact/FEC/Reviews/client/src/components/ReviewList.jsx": {"path":"/Users/brittanybartges/Documents/HReact/FEC/Reviews/client/src/components/ReviewList.jsx","statementMap":{"0":{"start":{"line":4,"column":18},"end":{"line":4,"column":91}},"1":{"start":{"line":4,"column":24},"end":{"line":4,"column":91}},"2":{"start":{"line":5,"column":0},"end":{"line":5,"column":26}},"3":{"start":{"line":6,"column":19},"end":{"line":13,"column":1}},"4":{"start":{"line":7,"column":4},"end":{"line":12,"column":6}},"5":{"start":{"line":9,"column":23},"end":{"line":9,"column":29}},"6":{"start":{"line":10,"column":8},"end":{"line":10,"column":73}}},"fnMap":{"0":{"name":"(anonymous_0)","decl":{"start":{"line":4,"column":18},"end":{"line":4,"column":19}},"loc":{"start":{"line":4,"column":24},"end":{"line":4,"column":91}},"line":4},"1":{"name":"(anonymous_1)","decl":{"start":{"line":6,"column":19},"end":{"line":6,"column":20}},"loc":{"start":{"line":6,"column":30},"end":{"line":13,"column":1}},"line":6},"2":{"name":"(anonymous_2)","decl":{"start":{"line":8,"column":23},"end":{"line":8,"column":24}},"loc":{"start":{"line":8,"column":32},"end":{"line":11,"column":9}},"line":8}},"branchMap":{},"s":{"0":1,"1":1,"2":1,"3":1,"4":0,"5":0,"6":0},"f":{"0":1,"1":0,"2":0},"b":{},"_coverageSchema":"1a1c01bbd47fc00a2c39e90264f33305004495a9","hash":"0ba70cd781d68a55b6d96819f129345f22ab364c"}
,"/Users/brittanybartges/Documents/HReact/FEC/Reviews/client/src/components/SearchBar.jsx": {"path":"/Users/brittanybartges/Documents/HReact/FEC/Reviews/client/src/components/SearchBar.jsx","statementMap":{"0":{"start":{"line":5,"column":8},"end":{"line":5,"column":20}},"1":{"start":{"line":6,"column":8},"end":{"line":8,"column":9}},"2":{"start":{"line":9,"column":8},"end":{"line":9,"column":57}},"3":{"start":{"line":10,"column":8},"end":{"line":10,"column":57}},"4":{"start":{"line":11,"column":8},"end":{"line":11,"column":51}},"5":{"start":{"line":15,"column":8},"end":{"line":15,"column":27}},"6":{"start":{"line":16,"column":8},"end":{"line":16,"column":52}},"7":{"start":{"line":21,"column":8},"end":{"line":21,"column":55}},"8":{"start":{"line":22,"column":8},"end":{"line":22,"column":24}},"9":{"start":{"line":26,"column":8},"end":{"line":26,"column":40}},"10":{"start":{"line":31,"column":8},"end":{"line":37,"column":15}},"11":{"start":{"line":35,"column":43},"end":{"line":35,"column":62}},"12":{"start":{"line":35,"column":63},"end":{"line":35,"column":83}}},"fnMap":{"0":{"name":"(anonymous_0)","decl":{"start":{"line":4,"column":4},"end":{"line":4,"column":5}},"loc":{"start":{"line":4,"column":23},"end":{"line":12,"column":5}},"line":4},"1":{"name":"(anonymous_1)","decl":{"start":{"line":14,"column":4},"end":{"line":14,"column":5}},"loc":{"start":{"line":14,"column":20},"end":{"line":18,"column":5}},"line":14},"2":{"name":"(anonymous_2)","decl":{"start":{"line":20,"column":4},"end":{"line":20,"column":5}},"loc":{"start":{"line":20,"column":20},"end":{"line":23,"column":5}},"line":20},"3":{"name":"(anonymous_3)","decl":{"start":{"line":25,"column":4},"end":{"line":25,"column":5}},"loc":{"start":{"line":25,"column":16},"end":{"line":27,"column":5}},"line":25},"4":{"name":"(anonymous_4)","decl":{"start":{"line":30,"column":4},"end":{"line":30,"column":5}},"loc":{"start":{"line":30,"column":13},"end":{"line":38,"column":5}},"line":30},"5":{"name":"(anonymous_5)","decl":{"start":{"line":35,"column":36},"end":{"line":35,"column":37}},"loc":{"start":{"line":35,"column":41},"end":{"line":35,"column":84}},"line":35}},"branchMap":{},"s":{"0":0,"1":0,"2":0,"3":0,"4":0,"5":0,"6":0,"7":0,"8":0,"9":0,"10":0,"11":0,"12":0},"f":{"0":0,"1":0,"2":0,"3":0,"4":0,"5":0},"b":{},"_coverageSchema":"1a1c01bbd47fc00a2c39e90264f33305004495a9","hash":"fe623df83cf67cf078b03448fc035b4c1385ffbc"}
,"/Users/brittanybartges/Documents/HReact/FEC/Reviews/client/src/components/imgFiles.js": {"path":"/Users/brittanybartges/Documents/HReact/FEC/Reviews/client/src/components/imgFiles.js","statementMap":{"0":{"start":{"line":1,"column":18},"end":{"line":241,"column":5}},"1":{"start":{"line":243,"column":21},"end":{"line":244,"column":78}},"2":{"start":{"line":246,"column":4},"end":{"line":246,"column":32}}},"fnMap":{},"branchMap":{},"s":{"0":1,"1":1,"2":1},"f":{},"b":{},"_coverageSchema":"1a1c01bbd47fc00a2c39e90264f33305004495a9","hash":"8e3ba65a210577ae0a2f9dda256d67961c3457b8"}
}
